Connected to the employee_db database!
? What would like to do? (Use arrow keys)
> I'm Done 
  View All Departments 
  View Department Utilized Budget 
  Add Department 
  Delete Department 
  View All Roles 
  Add Role 
  Delete Role 
  View All Employees 
  View Employees by Manager 
  View Employees by Department 
  Add Employee 
  Update Employee Role 
  Update Employee Manager 
  Delete Employee [18D[18CConnected to the employee_db database!
? What would like to do? (Use arrow keys)
> I'm Done 
  View All Departments 
  View Department Utilized Budget 
  Add Department 
  Delete Department 
  View All Roles 
  Add Role 
  Delete Role 
  View All Employees 
  View Employees by Manager 
  View Employees by Department 
  Add Employee 
  Update Employee Role 
  Update Employee Manager 
  Delete Employee [18D[18C